<?xml version="1.0" encoding="UTF-8"?>
<!-- Generated by org.testng.reporters.JUnitXMLReporter -->
<testsuite hostname="SAGAR" ignored="0" name="Default test" tests="4" failures="0" timestamp="05 Mar 2021 05:38:25 GMT" time="20.367" errors="0">
  <testcase name="multiplication" time="4.331" classname="com.calculator.OnlineCalculator"/>
  <testcase name="division" time="3.802" classname="com.calculator.OnlineCalculator"/>
  <testcase name="addition" time="4.128" classname="com.calculator.OnlineCalculator"/>
  <testcase name="subtraction" time="4.345" classname="com.calculator.OnlineCalculator"/>
</testsuite> <!-- Default test -->
